2023-06-20T04:58:06+00:00 CRITICAL syntax error, unexpected '1' (T_LNUMBER), expecting ')' in C:\xampp\htdocs\themusicalnote\wp-content\themes\musicalnote\functions.php on line 215

2023-06-20T07:15:06+00:00 CRITICAL syntax error, unexpected '}', expecting ';' or ',' in C:\xampp\htdocs\themusicalnote\wp-content\themes\musicalnote\functions.php on line 217

2023-06-20T09:37:53+00:00 CRITICAL syntax error, unexpected end of file in C:\xampp\htdocs\themusicalnote\wp-content\themes\musicalnote\functions.php on line 235

2023-06-20T09:38:15+00:00 CRITICAL syntax error, unexpected end of file in C:\xampp\htdocs\themusicalnote\wp-content\themes\musicalnote\functions.php on line 235

2023-06-20T09:41:38+00:00 CRITICAL Uncaught Error: Call to undefined method WC_Product_Variable::get_author() in C:\xampp\htdocs\themusicalnote\wp-content\themes\musicalnote\functions.php:228
Stack trace:
#0 C:\xampp\htdocs\themusicalnote\wp-includes\class-wp-hook.php(308): add_author('')
#1 C:\xampp\htdocs\themusicalnote\wp-includes\class-wp-hook.php(332): WP_Hook->apply_filters(NULL, Array)
#2 C:\xampp\htdocs\themusicalnote\wp-includes\plugin.php(517): WP_Hook->do_action(Array)
#3 C:\xampp\htdocs\themusicalnote\wp-content\themes\musicalnote\woocommerce\content-single-product.php(60): do_action('woocommerce_sin...')
#4 C:\xampp\htdocs\themusicalnote\wp-includes\template.php(785): require('C:\\xampp\\htdocs...')
#5 C:\xampp\htdocs\themusicalnote\wp-content\plugins\woocommerce\includes\wc-core-functions.php(284): load_template('C:\\xampp\\htdocs...', false)
#6 C:\xampp\htdocs\themusicalnote\wp-content\plugins\woocommerce\includes\class-wc-shortcodes.php(598): wc_get_template_part('content', 'single-product')
#7 C:\xampp\htdocs\themusicalnote\wp in C:\xampp\htdocs\themusicalnote\wp-content\themes\musicalnote\functions.php on line 228

2023-06-20T09:42:56+00:00 CRITICAL Uncaught Error: Call to undefined method WC_Product_Variable::get_author() in C:\xampp\htdocs\themusicalnote\wp-content\themes\musicalnote\functions.php:228
Stack trace:
#0 C:\xampp\htdocs\themusicalnote\wp-includes\class-wp-hook.php(308): add_author('')
#1 C:\xampp\htdocs\themusicalnote\wp-includes\class-wp-hook.php(332): WP_Hook->apply_filters(NULL, Array)
#2 C:\xampp\htdocs\themusicalnote\wp-includes\plugin.php(517): WP_Hook->do_action(Array)
#3 C:\xampp\htdocs\themusicalnote\wp-content\themes\musicalnote\woocommerce\content-single-product.php(60): do_action('woocommerce_sin...')
#4 C:\xampp\htdocs\themusicalnote\wp-includes\template.php(785): require('C:\\xampp\\htdocs...')
#5 C:\xampp\htdocs\themusicalnote\wp-content\plugins\woocommerce\includes\wc-core-functions.php(284): load_template('C:\\xampp\\htdocs...', false)
#6 C:\xampp\htdocs\themusicalnote\wp-content\plugins\woocommerce\includes\class-wc-shortcodes.php(598): wc_get_template_part('content', 'single-product')
#7 C:\xampp\htdocs\themusicalnote\wp in C:\xampp\htdocs\themusicalnote\wp-content\themes\musicalnote\functions.php on line 228

2023-06-20T09:44:45+00:00 CRITICAL Uncaught Error: Call to undefined method WC_Product_Variable::get_author() in C:\xampp\htdocs\themusicalnote\wp-content\themes\musicalnote\functions.php:228
Stack trace:
#0 C:\xampp\htdocs\themusicalnote\wp-includes\class-wp-hook.php(308): add_author('')
#1 C:\xampp\htdocs\themusicalnote\wp-includes\class-wp-hook.php(332): WP_Hook->apply_filters(NULL, Array)
#2 C:\xampp\htdocs\themusicalnote\wp-includes\plugin.php(517): WP_Hook->do_action(Array)
#3 C:\xampp\htdocs\themusicalnote\wp-content\themes\musicalnote\woocommerce\content-single-product.php(60): do_action('woocommerce_sin...')
#4 C:\xampp\htdocs\themusicalnote\wp-includes\template.php(785): require('C:\\xampp\\htdocs...')
#5 C:\xampp\htdocs\themusicalnote\wp-content\plugins\woocommerce\includes\wc-core-functions.php(284): load_template('C:\\xampp\\htdocs...', false)
#6 C:\xampp\htdocs\themusicalnote\wp-content\plugins\woocommerce\includes\class-wc-shortcodes.php(598): wc_get_template_part('content', 'single-product')
#7 C:\xampp\htdocs\themusicalnote\wp in C:\xampp\htdocs\themusicalnote\wp-content\themes\musicalnote\functions.php on line 228

2023-06-20T10:18:34+00:00 CRITICAL Cannot redeclare product_attribute_dimensions() (previously declared in C:\xampp\htdocs\themusicalnote\wp-content\themes\musicalnote\functions.php:236) in C:\xampp\htdocs\themusicalnote\wp-content\themes\musicalnote\functions.php on line 252

2023-06-20T11:12:16+00:00 CRITICAL Uncaught Error: Call to undefined function get_the_sku() in C:\xampp\htdocs\themusicalnote\wp-content\themes\musicalnote\functions.php:255
Stack trace:
#0 C:\xampp\htdocs\themusicalnote\wp-includes\class-wp-hook.php(308): custom_before_title('')
#1 C:\xampp\htdocs\themusicalnote\wp-includes\class-wp-hook.php(332): WP_Hook->apply_filters(NULL, Array)
#2 C:\xampp\htdocs\themusicalnote\wp-includes\plugin.php(517): WP_Hook->do_action(Array)
#3 C:\xampp\htdocs\themusicalnote\wp-content\plugins\woocommerce\templates\content-product.php(42): do_action('woocommerce_bef...')
#4 C:\xampp\htdocs\themusicalnote\wp-includes\template.php(785): require('C:\\xampp\\htdocs...')
#5 C:\xampp\htdocs\themusicalnote\wp-content\plugins\woocommerce\includes\wc-core-functions.php(284): load_template('C:\\xampp\\htdocs...', false)
#6 C:\xampp\htdocs\themusicalnote\wp-content\themes\musicalnote\woocommerce\single-product\related.php(43): wc_get_template_part('content', 'product')
#7 C:\xampp\htdocs\themusicalnote\wp-content\plugins\woo in C:\xampp\htdocs\themusicalnote\wp-content\themes\musicalnote\functions.php on line 255

